{"timestamp":"2026-05-12T21:25:46.346241Z","vm_id":"vm-1778621146344752000","operation":"boot","user":"anonymous","outcome":"success"}
{"timestamp":"2026-05-12T21:25:46.346796Z","vm_id":"vm-1778621146346795000","operation":"boot","user":"test","outcome":"success"}
{"timestamp":"2026-05-12T21:25:46.348185Z","vm_id":"vm-1778621146346795000","operation":"pause","user":"anonymous","outcome":"success"}
{"timestamp":"2026-05-12T21:25:46.348512Z","vm_id":"vm-1778621146348511000","operation":"boot","user":"test","outcome":"success"}
{"timestamp":"2026-05-12T21:25:46.348547Z","vm_id":"vm-1778621146348511000","operation":"pause","user":"test","outcome":"success"}
{"timestamp":"2026-05-12T21:25:46.348801Z","vm_id":"vm-1778621146348511000","operation":"resume","user":"anonymous","outcome":"success"}
{"timestamp":"2026-05-12T21:25:46.348994Z","vm_id":"vm-1778621146348993000","operation":"boot","user":"test","outcome":"success"}
{"timestamp":"2026-05-12T21:25:46.349222Z","vm_id":"vm-1778621146348993000","operation":"shutdown","user":"anonymous","outcome":"success"}
{"timestamp":"2026-05-12T21:25:46.349379Z","vm_id":"vm-1778621146349378000","operation":"boot","user":"test","outcome":"success"}
{"timestamp":"2026-05-12T21:25:46.349608Z","vm_id":"vm-1778621146349378000","operation":"reboot","user":"anonymous","outcome":"success"}
{"timestamp":"2026-05-12T21:25:46.349864Z","vm_id":"nonexistent","operation":"boot","user":"anonymous","outcome":"error","message":"vm \"nonexistent\" not found"}
{"timestamp":"2026-05-12T21:25:46.350276Z","vm_id":"vm-1778621146350111000","operation":"boot","user":"alice","outcome":"success"}
{"timestamp":"2026-05-12T21:25:46.350659Z","vm_id":"vm-1778621146350506000","operation":"shutdown","user":"anonymous","outcome":"success"}
{"timestamp":"2026-05-12T21:26:54.332679Z","vm_id":"vm-1778621214332003000","operation":"boot","user":"anonymous","outcome":"success"}
{"timestamp":"2026-05-12T21:26:54.333687Z","vm_id":"vm-1778621214333683000","operation":"boot","user":"test","outcome":"success"}
{"timestamp":"2026-05-12T21:26:54.334356Z","vm_id":"vm-1778621214333683000","operation":"pause","user":"anonymous","outcome":"success"}
{"timestamp":"2026-05-12T21:26:54.334802Z","vm_id":"vm-1778621214334799000","operation":"boot","user":"test","outcome":"success"}
{"timestamp":"2026-05-12T21:26:54.334934Z","vm_id":"vm-1778621214334799000","operation":"pause","user":"test","outcome":"success"}
{"timestamp":"2026-05-12T21:26:54.335443Z","vm_id":"vm-1778621214334799000","operation":"resume","user":"anonymous","outcome":"success"}
{"timestamp":"2026-05-12T21:26:54.335999Z","vm_id":"vm-1778621214335996000","operation":"boot","user":"test","outcome":"success"}
{"timestamp":"2026-05-12T21:26:54.336515Z","vm_id":"vm-1778621214335996000","operation":"shutdown","user":"anonymous","outcome":"success"}
{"timestamp":"2026-05-12T21:26:54.336915Z","vm_id":"vm-1778621214336913000","operation":"boot","user":"test","outcome":"success"}
{"timestamp":"2026-05-12T21:26:54.337374Z","vm_id":"vm-1778621214336913000","operation":"reboot","user":"anonymous","outcome":"success"}
{"timestamp":"2026-05-12T21:26:54.337975Z","vm_id":"nonexistent","operation":"boot","user":"anonymous","outcome":"error","message":"vm \"nonexistent\" not found"}
{"timestamp":"2026-05-12T21:26:54.338696Z","vm_id":"vm-1778621214338361000","operation":"boot","user":"alice","outcome":"success"}
{"timestamp":"2026-05-12T21:26:54.339452Z","vm_id":"vm-1778621214339183000","operation":"shutdown","user":"anonymous","outcome":"success"}
{"timestamp":"2026-05-13T17:49:27.516283Z","vm_id":"vm-1778694567515621000","operation":"boot","user":"anonymous","outcome":"success"}
{"timestamp":"2026-05-13T17:49:27.519112Z","vm_id":"vm-1778694567519107000","operation":"boot","user":"test","outcome":"success"}
{"timestamp":"2026-05-13T17:49:27.52028Z","vm_id":"vm-1778694567519107000","operation":"pause","user":"anonymous","outcome":"success"}
{"timestamp":"2026-05-13T17:49:27.52105Z","vm_id":"vm-1778694567521046000","operation":"boot","user":"test","outcome":"success"}
{"timestamp":"2026-05-13T17:49:27.521244Z","vm_id":"vm-1778694567521046000","operation":"pause","user":"test","outcome":"success"}
{"timestamp":"2026-05-13T17:49:27.523248Z","vm_id":"vm-1778694567521046000","operation":"resume","user":"anonymous","outcome":"success"}
{"timestamp":"2026-05-13T17:49:27.526023Z","vm_id":"vm-1778694567526019000","operation":"boot","user":"test","outcome":"success"}
{"timestamp":"2026-05-13T17:49:27.526685Z","vm_id":"vm-1778694567526019000","operation":"shutdown","user":"anonymous","outcome":"success"}
{"timestamp":"2026-05-13T17:49:27.5278Z","vm_id":"vm-1778694567527795000","operation":"boot","user":"test","outcome":"success"}
{"timestamp":"2026-05-13T17:49:27.52838Z","vm_id":"vm-1778694567527795000","operation":"reboot","user":"anonymous","outcome":"success"}
{"timestamp":"2026-05-13T17:49:27.530929Z","vm_id":"nonexistent","operation":"boot","user":"anonymous","outcome":"error","message":"vm \"nonexistent\" not found"}
{"timestamp":"2026-05-13T17:49:27.532977Z","vm_id":"vm-1778694567532449000","operation":"boot","user":"alice","outcome":"success"}
{"timestamp":"2026-05-13T17:49:27.536271Z","vm_id":"vm-1778694567534667000","operation":"shutdown","user":"anonymous","outcome":"success"}
{"timestamp":"2026-05-13T17:58:24.76571Z","vm_id":"vm-1778695104765196000","operation":"boot","user":"anonymous","outcome":"success"}
{"timestamp":"2026-05-13T17:58:24.767451Z","vm_id":"vm-1778695104767446000","operation":"boot","user":"test","outcome":"success"}
{"timestamp":"2026-05-13T17:58:24.768131Z","vm_id":"vm-1778695104767446000","operation":"pause","user":"anonymous","outcome":"success"}
{"timestamp":"2026-05-13T17:58:24.768652Z","vm_id":"vm-1778695104768647000","operation":"boot","user":"test","outcome":"success"}
{"timestamp":"2026-05-13T17:58:24.769009Z","vm_id":"vm-1778695104768647000","operation":"pause","user":"test","outcome":"success"}
{"timestamp":"2026-05-13T17:58:24.769679Z","vm_id":"vm-1778695104768647000","operation":"resume","user":"anonymous","outcome":"success"}
{"timestamp":"2026-05-13T17:58:24.770382Z","vm_id":"vm-1778695104770377000","operation":"boot","user":"test","outcome":"success"}
{"timestamp":"2026-05-13T17:58:24.771197Z","vm_id":"vm-1778695104770377000","operation":"shutdown","user":"anonymous","outcome":"success"}
{"timestamp":"2026-05-13T17:58:24.77202Z","vm_id":"vm-1778695104772015000","operation":"boot","user":"test","outcome":"success"}
{"timestamp":"2026-05-13T17:58:24.772709Z","vm_id":"vm-1778695104772015000","operation":"reboot","user":"anonymous","outcome":"success"}
{"timestamp":"2026-05-13T17:58:24.773586Z","vm_id":"nonexistent","operation":"boot","user":"anonymous","outcome":"error","message":"vm \"nonexistent\" not found"}
{"timestamp":"2026-05-13T17:58:24.775312Z","vm_id":"vm-1778695104774545000","operation":"boot","user":"alice","outcome":"success"}
{"timestamp":"2026-05-13T17:58:24.777255Z","vm_id":"vm-1778695104776575000","operation":"shutdown","user":"anonymous","outcome":"success"}
{"timestamp":"2026-05-13T18:13:02.426254Z","vm_id":"vm-1778695982425515000","operation":"boot","user":"anonymous","outcome":"success"}
{"timestamp":"2026-05-13T18:13:02.428936Z","vm_id":"vm-1778695982428929000","operation":"boot","user":"test","outcome":"success"}
{"timestamp":"2026-05-13T18:13:02.429619Z","vm_id":"vm-1778695982428929000","operation":"pause","user":"anonymous","outcome":"success"}
{"timestamp":"2026-05-13T18:13:02.430066Z","vm_id":"vm-1778695982430063000","operation":"boot","user":"test","outcome":"success"}
{"timestamp":"2026-05-13T18:13:02.430189Z","vm_id":"vm-1778695982430063000","operation":"pause","user":"test","outcome":"success"}
{"timestamp":"2026-05-13T18:13:02.430656Z","vm_id":"vm-1778695982430063000","operation":"resume","user":"anonymous","outcome":"success"}
{"timestamp":"2026-05-13T18:13:02.431136Z","vm_id":"vm-1778695982431134000","operation":"boot","user":"test","outcome":"success"}
{"timestamp":"2026-05-13T18:13:02.431716Z","vm_id":"vm-1778695982431134000","operation":"shutdown","user":"anonymous","outcome":"success"}
{"timestamp":"2026-05-13T18:13:02.432217Z","vm_id":"vm-1778695982432212000","operation":"boot","user":"test","outcome":"success"}
{"timestamp":"2026-05-13T18:13:02.432812Z","vm_id":"vm-1778695982432212000","operation":"reboot","user":"anonymous","outcome":"success"}
{"timestamp":"2026-05-13T18:13:02.433614Z","vm_id":"nonexistent","operation":"boot","user":"anonymous","outcome":"error","message":"vm \"nonexistent\" not found"}
{"timestamp":"2026-05-13T18:13:02.434251Z","vm_id":"vm-1778695982434013000","operation":"boot","user":"alice","outcome":"success"}
{"timestamp":"2026-05-13T18:13:02.435242Z","vm_id":"vm-1778695982435014000","operation":"shutdown","user":"anonymous","outcome":"success"}
{"timestamp":"2026-05-13T18:15:42.717007Z","vm_id":"vm-1778696142715980000","operation":"boot","user":"anonymous","outcome":"success"}
{"timestamp":"2026-05-13T18:15:42.718577Z","vm_id":"vm-1778696142718574000","operation":"boot","user":"test","outcome":"success"}
{"timestamp":"2026-05-13T18:15:42.719028Z","vm_id":"vm-1778696142718574000","operation":"pause","user":"anonymous","outcome":"success"}
{"timestamp":"2026-05-13T18:15:42.719431Z","vm_id":"vm-1778696142719428000","operation":"boot","user":"test","outcome":"success"}
{"timestamp":"2026-05-13T18:15:42.719729Z","vm_id":"vm-1778696142719428000","operation":"pause","user":"test","outcome":"success"}
{"timestamp":"2026-05-13T18:15:42.720079Z","vm_id":"vm-1778696142719428000","operation":"resume","user":"anonymous","outcome":"success"}
{"timestamp":"2026-05-13T18:15:42.720578Z","vm_id":"vm-1778696142720575000","operation":"boot","user":"test","outcome":"success"}
{"timestamp":"2026-05-13T18:15:42.721081Z","vm_id":"vm-1778696142720575000","operation":"shutdown","user":"anonymous","outcome":"success"}
{"timestamp":"2026-05-13T18:15:42.721614Z","vm_id":"vm-1778696142721611000","operation":"boot","user":"test","outcome":"success"}
{"timestamp":"2026-05-13T18:15:42.72191Z","vm_id":"vm-1778696142721611000","operation":"reboot","user":"anonymous","outcome":"success"}
{"timestamp":"2026-05-13T18:15:42.722425Z","vm_id":"nonexistent","operation":"boot","user":"anonymous","outcome":"error","message":"vm \"nonexistent\" not found"}
{"timestamp":"2026-05-13T18:15:42.722946Z","vm_id":"vm-1778696142722739000","operation":"boot","user":"alice","outcome":"success"}
{"timestamp":"2026-05-13T18:15:42.72372Z","vm_id":"vm-1778696142723516000","operation":"shutdown","user":"anonymous","outcome":"success"}
{"timestamp":"2026-05-13T18:16:46.639838Z","vm_id":"vm-1778696206638565000","operation":"boot","user":"anonymous","outcome":"success"}
{"timestamp":"2026-05-13T18:16:46.642399Z","vm_id":"vm-1778696206642393000","operation":"boot","user":"test","outcome":"success"}
{"timestamp":"2026-05-13T18:16:46.643135Z","vm_id":"vm-1778696206642393000","operation":"pause","user":"anonymous","outcome":"success"}
{"timestamp":"2026-05-13T18:16:46.643678Z","vm_id":"vm-1778696206643674000","operation":"boot","user":"test","outcome":"success"}
{"timestamp":"2026-05-13T18:16:46.64384Z","vm_id":"vm-1778696206643674000","operation":"pause","user":"test","outcome":"success"}
{"timestamp":"2026-05-13T18:16:46.644364Z","vm_id":"vm-1778696206643674000","operation":"resume","user":"anonymous","outcome":"success"}
{"timestamp":"2026-05-13T18:16:46.644831Z","vm_id":"vm-1778696206644827000","operation":"boot","user":"test","outcome":"success"}
{"timestamp":"2026-05-13T18:16:46.645261Z","vm_id":"vm-1778696206644827000","operation":"shutdown","user":"anonymous","outcome":"success"}
{"timestamp":"2026-05-13T18:16:46.645616Z","vm_id":"vm-1778696206645613000","operation":"boot","user":"test","outcome":"success"}
{"timestamp":"2026-05-13T18:16:46.64597Z","vm_id":"vm-1778696206645613000","operation":"reboot","user":"anonymous","outcome":"success"}
{"timestamp":"2026-05-13T18:16:46.646517Z","vm_id":"nonexistent","operation":"boot","user":"anonymous","outcome":"error","message":"vm \"nonexistent\" not found"}
{"timestamp":"2026-05-13T18:16:46.647111Z","vm_id":"vm-1778696206646893000","operation":"boot","user":"alice","outcome":"success"}
{"timestamp":"2026-05-13T18:16:46.648144Z","vm_id":"vm-1778696206647931000","operation":"shutdown","user":"anonymous","outcome":"success"}
{"timestamp":"2026-05-13T18:17:09.954551Z","vm_id":"vm-1778696229953489000","operation":"boot","user":"anonymous","outcome":"success"}
{"timestamp":"2026-05-13T18:17:09.956613Z","vm_id":"vm-1778696229956609000","operation":"boot","user":"test","outcome":"success"}
{"timestamp":"2026-05-13T18:17:09.957405Z","vm_id":"vm-1778696229956609000","operation":"pause","user":"anonymous","outcome":"success"}
{"timestamp":"2026-05-13T18:17:09.957901Z","vm_id":"vm-1778696229957898000","operation":"boot","user":"test","outcome":"success"}
{"timestamp":"2026-05-13T18:17:09.958067Z","vm_id":"vm-1778696229957898000","operation":"pause","user":"test","outcome":"success"}
{"timestamp":"2026-05-13T18:17:09.958624Z","vm_id":"vm-1778696229957898000","operation":"resume","user":"anonymous","outcome":"success"}
{"timestamp":"2026-05-13T18:17:09.959129Z","vm_id":"vm-1778696229959124000","operation":"boot","user":"test","outcome":"success"}
{"timestamp":"2026-05-13T18:17:09.959563Z","vm_id":"vm-1778696229959124000","operation":"shutdown","user":"anonymous","outcome":"success"}
{"timestamp":"2026-05-13T18:17:09.959813Z","vm_id":"vm-1778696229959812000","operation":"boot","user":"test","outcome":"success"}
{"timestamp":"2026-05-13T18:17:09.96009Z","vm_id":"vm-1778696229959812000","operation":"reboot","user":"anonymous","outcome":"success"}
{"timestamp":"2026-05-13T18:17:09.960613Z","vm_id":"nonexistent","operation":"boot","user":"anonymous","outcome":"error","message":"vm \"nonexistent\" not found"}
{"timestamp":"2026-05-13T18:17:09.961139Z","vm_id":"vm-1778696229960943000","operation":"boot","user":"alice","outcome":"success"}
{"timestamp":"2026-05-13T18:17:09.96214Z","vm_id":"vm-1778696229961897000","operation":"shutdown","user":"anonymous","outcome":"success"}
{"timestamp":"2026-05-13T18:18:53.820114Z","vm_id":"vm-1778696333819487000","operation":"boot","user":"anonymous","outcome":"success"}
{"timestamp":"2026-05-13T18:18:53.82143Z","vm_id":"vm-1778696333821420000","operation":"boot","user":"test","outcome":"success"}
{"timestamp":"2026-05-13T18:18:53.822651Z","vm_id":"vm-1778696333821420000","operation":"pause","user":"anonymous","outcome":"success"}
{"timestamp":"2026-05-13T18:18:53.823139Z","vm_id":"vm-1778696333823135000","operation":"boot","user":"test","outcome":"success"}
{"timestamp":"2026-05-13T18:18:53.823284Z","vm_id":"vm-1778696333823135000","operation":"pause","user":"test","outcome":"success"}
{"timestamp":"2026-05-13T18:18:53.823654Z","vm_id":"vm-1778696333823135000","operation":"resume","user":"anonymous","outcome":"success"}
{"timestamp":"2026-05-13T18:18:53.824006Z","vm_id":"vm-1778696333824003000","operation":"boot","user":"test","outcome":"success"}
{"timestamp":"2026-05-13T18:18:53.8244Z","vm_id":"vm-1778696333824003000","operation":"shutdown","user":"anonymous","outcome":"success"}
{"timestamp":"2026-05-13T18:18:53.824962Z","vm_id":"vm-1778696333824959000","operation":"boot","user":"test","outcome":"success"}
{"timestamp":"2026-05-13T18:18:53.825393Z","vm_id":"vm-1778696333824959000","operation":"reboot","user":"anonymous","outcome":"success"}
{"timestamp":"2026-05-13T18:18:53.825988Z","vm_id":"nonexistent","operation":"boot","user":"anonymous","outcome":"error","message":"vm \"nonexistent\" not found"}
{"timestamp":"2026-05-13T18:18:53.826941Z","vm_id":"vm-1778696333826667000","operation":"boot","user":"alice","outcome":"success"}
{"timestamp":"2026-05-13T18:18:53.827948Z","vm_id":"vm-1778696333827759000","operation":"shutdown","user":"anonymous","outcome":"success"}
{"timestamp":"2026-05-13T18:24:26.289231Z","vm_id":"vm-1778696666287619000","operation":"boot","user":"anonymous","outcome":"success"}
{"timestamp":"2026-05-13T18:24:26.291509Z","vm_id":"vm-1778696666291502000","operation":"boot","user":"test","outcome":"success"}
{"timestamp":"2026-05-13T18:24:26.293058Z","vm_id":"vm-1778696666291502000","operation":"pause","user":"anonymous","outcome":"success"}
{"timestamp":"2026-05-13T18:24:26.293968Z","vm_id":"vm-1778696666293964000","operation":"boot","user":"test","outcome":"success"}
{"timestamp":"2026-05-13T18:24:26.294322Z","vm_id":"vm-1778696666293964000","operation":"pause","user":"test","outcome":"success"}
{"timestamp":"2026-05-13T18:24:26.294833Z","vm_id":"vm-1778696666293964000","operation":"resume","user":"anonymous","outcome":"success"}
{"timestamp":"2026-05-13T18:24:26.295299Z","vm_id":"vm-1778696666295294000","operation":"boot","user":"test","outcome":"success"}
{"timestamp":"2026-05-13T18:24:26.295923Z","vm_id":"vm-1778696666295294000","operation":"shutdown","user":"anonymous","outcome":"success"}
{"timestamp":"2026-05-13T18:24:26.296383Z","vm_id":"vm-1778696666296379000","operation":"boot","user":"test","outcome":"success"}
{"timestamp":"2026-05-13T18:24:26.29682Z","vm_id":"vm-1778696666296379000","operation":"reboot","user":"anonymous","outcome":"success"}
{"timestamp":"2026-05-13T18:24:26.29743Z","vm_id":"nonexistent","operation":"boot","user":"anonymous","outcome":"error","message":"vm \"nonexistent\" not found"}
{"timestamp":"2026-05-13T18:24:26.297999Z","vm_id":"vm-1778696666297765000","operation":"boot","user":"alice","outcome":"success"}
{"timestamp":"2026-05-13T18:24:26.299148Z","vm_id":"vm-1778696666298918000","operation":"shutdown","user":"anonymous","outcome":"success"}
{"timestamp":"2026-05-13T18:36:32.524298Z","vm_id":"vm-1778697392523512000","operation":"boot","user":"anonymous","outcome":"success"}
{"timestamp":"2026-05-13T18:36:32.525471Z","vm_id":"vm-1778697392525462000","operation":"boot","user":"test","outcome":"success"}
{"timestamp":"2026-05-13T18:36:32.526623Z","vm_id":"vm-1778697392525462000","operation":"pause","user":"anonymous","outcome":"success"}
{"timestamp":"2026-05-13T18:36:32.527306Z","vm_id":"vm-1778697392527302000","operation":"boot","user":"test","outcome":"success"}
{"timestamp":"2026-05-13T18:36:32.527435Z","vm_id":"vm-1778697392527302000","operation":"pause","user":"test","outcome":"success"}
{"timestamp":"2026-05-13T18:36:32.527815Z","vm_id":"vm-1778697392527302000","operation":"resume","user":"anonymous","outcome":"success"}
{"timestamp":"2026-05-13T18:36:32.528144Z","vm_id":"vm-1778697392528141000","operation":"boot","user":"test","outcome":"success"}
{"timestamp":"2026-05-13T18:36:32.528478Z","vm_id":"vm-1778697392528141000","operation":"shutdown","user":"anonymous","outcome":"success"}
{"timestamp":"2026-05-13T18:36:32.528793Z","vm_id":"vm-1778697392528790000","operation":"boot","user":"test","outcome":"success"}
{"timestamp":"2026-05-13T18:36:32.529112Z","vm_id":"vm-1778697392528790000","operation":"reboot","user":"anonymous","outcome":"success"}
{"timestamp":"2026-05-13T18:36:32.52961Z","vm_id":"nonexistent","operation":"boot","user":"anonymous","outcome":"error","message":"vm \"nonexistent\" not found"}
{"timestamp":"2026-05-13T18:36:32.53015Z","vm_id":"vm-1778697392529922000","operation":"boot","user":"alice","outcome":"success"}
{"timestamp":"2026-05-13T18:36:32.531476Z","vm_id":"vm-1778697392531245000","operation":"shutdown","user":"anonymous","outcome":"success"}
{"timestamp":"2026-05-13T18:37:19.404842Z","vm_id":"vm-1778697439404248000","operation":"boot","user":"anonymous","outcome":"success"}
{"timestamp":"2026-05-13T18:37:19.405678Z","vm_id":"vm-1778697439405674000","operation":"boot","user":"test","outcome":"success"}
{"timestamp":"2026-05-13T18:37:19.406199Z","vm_id":"vm-1778697439405674000","operation":"pause","user":"anonymous","outcome":"success"}
{"timestamp":"2026-05-13T18:37:19.406679Z","vm_id":"vm-1778697439406676000","operation":"boot","user":"test","outcome":"success"}
{"timestamp":"2026-05-13T18:37:19.406797Z","vm_id":"vm-1778697439406676000","operation":"pause","user":"test","outcome":"success"}
{"timestamp":"2026-05-13T18:37:19.407165Z","vm_id":"vm-1778697439406676000","operation":"resume","user":"anonymous","outcome":"success"}
{"timestamp":"2026-05-13T18:37:19.407633Z","vm_id":"vm-1778697439407629000","operation":"boot","user":"test","outcome":"success"}
{"timestamp":"2026-05-13T18:37:19.408537Z","vm_id":"vm-1778697439407629000","operation":"shutdown","user":"anonymous","outcome":"success"}
{"timestamp":"2026-05-13T18:37:19.40965Z","vm_id":"vm-1778697439409646000","operation":"boot","user":"test","outcome":"success"}
{"timestamp":"2026-05-13T18:37:19.41013Z","vm_id":"vm-1778697439409646000","operation":"reboot","user":"anonymous","outcome":"success"}
{"timestamp":"2026-05-13T18:37:19.410952Z","vm_id":"nonexistent","operation":"boot","user":"anonymous","outcome":"error","message":"vm \"nonexistent\" not found"}
{"timestamp":"2026-05-13T18:37:19.411598Z","vm_id":"vm-1778697439411389000","operation":"boot","user":"alice","outcome":"success"}
{"timestamp":"2026-05-13T18:37:19.412607Z","vm_id":"vm-1778697439412400000","operation":"shutdown","user":"anonymous","outcome":"success"}
{"timestamp":"2026-05-13T18:52:09.557705Z","vm_id":"vm-1778698329556822000","operation":"boot","user":"anonymous","outcome":"success"}
{"timestamp":"2026-05-13T18:52:09.559634Z","vm_id":"vm-1778698329559627000","operation":"boot","user":"test","outcome":"success"}
{"timestamp":"2026-05-13T18:52:09.560363Z","vm_id":"vm-1778698329559627000","operation":"pause","user":"anonymous","outcome":"success"}
{"timestamp":"2026-05-13T18:52:09.560955Z","vm_id":"vm-1778698329560952000","operation":"boot","user":"test","outcome":"success"}
{"timestamp":"2026-05-13T18:52:09.561097Z","vm_id":"vm-1778698329560952000","operation":"pause","user":"test","outcome":"success"}
{"timestamp":"2026-05-13T18:52:09.561475Z","vm_id":"vm-1778698329560952000","operation":"resume","user":"anonymous","outcome":"success"}
{"timestamp":"2026-05-13T18:52:09.561878Z","vm_id":"vm-1778698329561875000","operation":"boot","user":"test","outcome":"success"}
{"timestamp":"2026-05-13T18:52:09.562252Z","vm_id":"vm-1778698329561875000","operation":"shutdown","user":"anonymous","outcome":"success"}
{"timestamp":"2026-05-13T18:52:09.562601Z","vm_id":"vm-1778698329562599000","operation":"boot","user":"test","outcome":"success"}
{"timestamp":"2026-05-13T18:52:09.563119Z","vm_id":"vm-1778698329562599000","operation":"reboot","user":"anonymous","outcome":"success"}
{"timestamp":"2026-05-13T18:52:09.563783Z","vm_id":"nonexistent","operation":"boot","user":"anonymous","outcome":"error","message":"vm \"nonexistent\" not found"}
{"timestamp":"2026-05-13T18:52:09.56437Z","vm_id":"vm-1778698329564162000","operation":"boot","user":"alice","outcome":"success"}
{"timestamp":"2026-05-13T18:52:09.565863Z","vm_id":"vm-1778698329565643000","operation":"shutdown","user":"anonymous","outcome":"success"}
{"timestamp":"2026-05-13T18:53:51.131375Z","vm_id":"vm-1778698431130247000","operation":"boot","user":"anonymous","outcome":"success"}
{"timestamp":"2026-05-13T18:53:51.132581Z","vm_id":"vm-1778698431132577000","operation":"boot","user":"test","outcome":"success"}
{"timestamp":"2026-05-13T18:53:51.13327Z","vm_id":"vm-1778698431132577000","operation":"pause","user":"anonymous","outcome":"success"}
{"timestamp":"2026-05-13T18:53:51.134016Z","vm_id":"vm-1778698431133996000","operation":"boot","user":"test","outcome":"success"}
{"timestamp":"2026-05-13T18:53:51.134247Z","vm_id":"vm-1778698431133996000","operation":"pause","user":"test","outcome":"success"}
{"timestamp":"2026-05-13T18:53:51.134817Z","vm_id":"vm-1778698431133996000","operation":"resume","user":"anonymous","outcome":"success"}
{"timestamp":"2026-05-13T18:53:51.135365Z","vm_id":"vm-1778698431135361000","operation":"boot","user":"test","outcome":"success"}
{"timestamp":"2026-05-13T18:53:51.135773Z","vm_id":"vm-1778698431135361000","operation":"shutdown","user":"anonymous","outcome":"success"}
{"timestamp":"2026-05-13T18:53:51.136224Z","vm_id":"vm-1778698431136221000","operation":"boot","user":"test","outcome":"success"}
{"timestamp":"2026-05-13T18:53:51.13654Z","vm_id":"vm-1778698431136221000","operation":"reboot","user":"anonymous","outcome":"success"}
{"timestamp":"2026-05-13T18:53:51.137291Z","vm_id":"nonexistent","operation":"boot","user":"anonymous","outcome":"error","message":"vm \"nonexistent\" not found"}
{"timestamp":"2026-05-13T18:53:51.138018Z","vm_id":"vm-1778698431137765000","operation":"boot","user":"alice","outcome":"success"}
{"timestamp":"2026-05-13T18:53:51.139619Z","vm_id":"vm-1778698431139336000","operation":"shutdown","user":"anonymous","outcome":"success"}
{"timestamp":"2026-05-13T19:00:04.858036Z","vm_id":"vm-1778698804857308000","operation":"boot","user":"anonymous","outcome":"success"}
{"timestamp":"2026-05-13T19:00:04.859994Z","vm_id":"vm-1778698804859981000","operation":"boot","user":"test","outcome":"success"}
{"timestamp":"2026-05-13T19:00:04.860938Z","vm_id":"vm-1778698804859981000","operation":"pause","user":"anonymous","outcome":"success"}
{"timestamp":"2026-05-13T19:00:04.86276Z","vm_id":"vm-1778698804862752000","operation":"boot","user":"test","outcome":"success"}
{"timestamp":"2026-05-13T19:00:04.863067Z","vm_id":"vm-1778698804862752000","operation":"pause","user":"test","outcome":"success"}
{"timestamp":"2026-05-13T19:00:04.863638Z","vm_id":"vm-1778698804862752000","operation":"resume","user":"anonymous","outcome":"success"}
{"timestamp":"2026-05-13T19:00:04.864331Z","vm_id":"vm-1778698804864325000","operation":"boot","user":"test","outcome":"success"}
{"timestamp":"2026-05-13T19:00:04.864916Z","vm_id":"vm-1778698804864325000","operation":"shutdown","user":"anonymous","outcome":"success"}
{"timestamp":"2026-05-13T19:00:04.866023Z","vm_id":"vm-1778698804866017000","operation":"boot","user":"test","outcome":"success"}
{"timestamp":"2026-05-13T19:00:04.866546Z","vm_id":"vm-1778698804866017000","operation":"reboot","user":"anonymous","outcome":"success"}
{"timestamp":"2026-05-13T19:00:04.8673Z","vm_id":"nonexistent","operation":"boot","user":"anonymous","outcome":"error","message":"vm \"nonexistent\" not found"}
{"timestamp":"2026-05-13T19:00:04.868007Z","vm_id":"vm-1778698804867766000","operation":"boot","user":"alice","outcome":"success"}
{"timestamp":"2026-05-13T19:00:04.870792Z","vm_id":"vm-1778698804869178000","operation":"shutdown","user":"anonymous","outcome":"success"}
{"timestamp":"2026-05-13T19:01:16.069136Z","vm_id":"vm-1778698876068196000","operation":"boot","user":"anonymous","outcome":"success"}
{"timestamp":"2026-05-13T19:01:16.07092Z","vm_id":"vm-1778698876070910000","operation":"boot","user":"test","outcome":"success"}
{"timestamp":"2026-05-13T19:01:16.071605Z","vm_id":"vm-1778698876070910000","operation":"pause","user":"anonymous","outcome":"success"}
{"timestamp":"2026-05-13T19:01:16.072217Z","vm_id":"vm-1778698876072211000","operation":"boot","user":"test","outcome":"success"}
{"timestamp":"2026-05-13T19:01:16.072446Z","vm_id":"vm-1778698876072211000","operation":"pause","user":"test","outcome":"success"}
{"timestamp":"2026-05-13T19:01:16.072972Z","vm_id":"vm-1778698876072211000","operation":"resume","user":"anonymous","outcome":"success"}
{"timestamp":"2026-05-13T19:01:16.073489Z","vm_id":"vm-1778698876073484000","operation":"boot","user":"test","outcome":"success"}
{"timestamp":"2026-05-13T19:01:16.073913Z","vm_id":"vm-1778698876073484000","operation":"shutdown","user":"anonymous","outcome":"success"}
{"timestamp":"2026-05-13T19:01:16.074392Z","vm_id":"vm-1778698876074387000","operation":"boot","user":"test","outcome":"success"}
{"timestamp":"2026-05-13T19:01:16.074714Z","vm_id":"vm-1778698876074387000","operation":"reboot","user":"anonymous","outcome":"success"}
{"timestamp":"2026-05-13T19:01:16.075329Z","vm_id":"nonexistent","operation":"boot","user":"anonymous","outcome":"error","message":"vm \"nonexistent\" not found"}
{"timestamp":"2026-05-13T19:01:16.075918Z","vm_id":"vm-1778698876075719000","operation":"boot","user":"alice","outcome":"success"}
{"timestamp":"2026-05-13T19:01:16.077325Z","vm_id":"vm-1778698876077063000","operation":"shutdown","user":"anonymous","outcome":"success"}
{"timestamp":"2026-05-13T19:06:45.573646Z","vm_id":"vm-1778699205572852000","operation":"boot","user":"anonymous","outcome":"success"}
{"timestamp":"2026-05-13T19:06:45.574811Z","vm_id":"vm-1778699205574803000","operation":"boot","user":"test","outcome":"success"}
{"timestamp":"2026-05-13T19:06:45.575611Z","vm_id":"vm-1778699205574803000","operation":"pause","user":"anonymous","outcome":"success"}
{"timestamp":"2026-05-13T19:06:45.576362Z","vm_id":"vm-1778699205576356000","operation":"boot","user":"test","outcome":"success"}
{"timestamp":"2026-05-13T19:06:45.57669Z","vm_id":"vm-1778699205576356000","operation":"pause","user":"test","outcome":"success"}
{"timestamp":"2026-05-13T19:06:45.577224Z","vm_id":"vm-1778699205576356000","operation":"resume","user":"anonymous","outcome":"success"}
{"timestamp":"2026-05-13T19:06:45.577732Z","vm_id":"vm-1778699205577728000","operation":"boot","user":"test","outcome":"success"}
{"timestamp":"2026-05-13T19:06:45.578125Z","vm_id":"vm-1778699205577728000","operation":"shutdown","user":"anonymous","outcome":"success"}
{"timestamp":"2026-05-13T19:06:45.57871Z","vm_id":"vm-1778699205578705000","operation":"boot","user":"test","outcome":"success"}
{"timestamp":"2026-05-13T19:06:45.579184Z","vm_id":"vm-1778699205578705000","operation":"reboot","user":"anonymous","outcome":"success"}
{"timestamp":"2026-05-13T19:06:45.579847Z","vm_id":"nonexistent","operation":"boot","user":"anonymous","outcome":"error","message":"vm \"nonexistent\" not found"}
{"timestamp":"2026-05-13T19:06:45.580718Z","vm_id":"vm-1778699205580246000","operation":"boot","user":"alice","outcome":"success"}
{"timestamp":"2026-05-13T19:06:45.582417Z","vm_id":"vm-1778699205582104000","operation":"shutdown","user":"anonymous","outcome":"success"}
{"timestamp":"2026-05-15T18:35:38.643907Z","vm_id":"vm-1778870138642008000","operation":"boot","user":"anonymous","outcome":"success"}
{"timestamp":"2026-05-15T18:35:38.646228Z","vm_id":"vm-1778870138646218000","operation":"boot","user":"test","outcome":"success"}
{"timestamp":"2026-05-15T18:35:38.646854Z","vm_id":"vm-1778870138646218000","operation":"pause","user":"anonymous","outcome":"success"}
{"timestamp":"2026-05-15T18:35:38.647501Z","vm_id":"vm-1778870138647493000","operation":"boot","user":"test","outcome":"success"}
{"timestamp":"2026-05-15T18:35:38.647723Z","vm_id":"vm-1778870138647493000","operation":"pause","user":"test","outcome":"success"}
{"timestamp":"2026-05-15T18:35:38.648293Z","vm_id":"vm-1778870138647493000","operation":"resume","user":"anonymous","outcome":"success"}
{"timestamp":"2026-05-15T18:35:38.648862Z","vm_id":"vm-1778870138648856000","operation":"boot","user":"test","outcome":"success"}
{"timestamp":"2026-05-15T18:35:38.649423Z","vm_id":"vm-1778870138648856000","operation":"shutdown","user":"anonymous","outcome":"success"}
{"timestamp":"2026-05-15T18:35:38.649957Z","vm_id":"vm-1778870138649952000","operation":"boot","user":"test","outcome":"success"}
{"timestamp":"2026-05-15T18:35:38.650293Z","vm_id":"vm-1778870138649952000","operation":"reboot","user":"anonymous","outcome":"success"}
{"timestamp":"2026-05-15T18:35:38.651407Z","vm_id":"nonexistent","operation":"boot","user":"anonymous","outcome":"error","message":"vm \"nonexistent\" not found"}
{"timestamp":"2026-05-15T18:35:38.652369Z","vm_id":"vm-1778870138652047000","operation":"boot","user":"alice","outcome":"success"}
{"timestamp":"2026-05-15T18:35:38.655094Z","vm_id":"vm-1778870138654833000","operation":"shutdown","user":"anonymous","outcome":"success"}
{"timestamp":"2026-05-15T18:35:54.803008Z","vm_id":"vm-1778870154801958000","operation":"boot","user":"anonymous","outcome":"success"}
{"timestamp":"2026-05-15T18:35:54.804017Z","vm_id":"vm-1778870154804011000","operation":"boot","user":"test","outcome":"success"}
{"timestamp":"2026-05-15T18:35:54.804818Z","vm_id":"vm-1778870154804011000","operation":"pause","user":"anonymous","outcome":"success"}
{"timestamp":"2026-05-15T18:35:54.806101Z","vm_id":"vm-1778870154806094000","operation":"boot","user":"test","outcome":"success"}
{"timestamp":"2026-05-15T18:35:54.806309Z","vm_id":"vm-1778870154806094000","operation":"pause","user":"test","outcome":"success"}
{"timestamp":"2026-05-15T18:35:54.806766Z","vm_id":"vm-1778870154806094000","operation":"resume","user":"anonymous","outcome":"success"}
{"timestamp":"2026-05-15T18:35:54.807415Z","vm_id":"vm-1778870154807409000","operation":"boot","user":"test","outcome":"success"}
{"timestamp":"2026-05-15T18:35:54.807982Z","vm_id":"vm-1778870154807409000","operation":"shutdown","user":"anonymous","outcome":"success"}
{"timestamp":"2026-05-15T18:35:54.808716Z","vm_id":"vm-1778870154808710000","operation":"boot","user":"test","outcome":"success"}
{"timestamp":"2026-05-15T18:35:54.809202Z","vm_id":"vm-1778870154808710000","operation":"reboot","user":"anonymous","outcome":"success"}
{"timestamp":"2026-05-15T18:35:54.810046Z","vm_id":"nonexistent","operation":"boot","user":"anonymous","outcome":"error","message":"vm \"nonexistent\" not found"}
{"timestamp":"2026-05-15T18:35:54.810793Z","vm_id":"vm-1778870154810548000","operation":"boot","user":"alice","outcome":"success"}
{"timestamp":"2026-05-15T18:35:54.812466Z","vm_id":"vm-1778870154812186000","operation":"shutdown","user":"anonymous","outcome":"success"}
{"timestamp":"2026-05-15T18:36:03.304594Z","vm_id":"vm-1778870163303482000","operation":"boot","user":"anonymous","outcome":"success"}
{"timestamp":"2026-05-15T18:36:03.305897Z","vm_id":"vm-1778870163305888000","operation":"boot","user":"test","outcome":"success"}
{"timestamp":"2026-05-15T18:36:03.306547Z","vm_id":"vm-1778870163305888000","operation":"pause","user":"anonymous","outcome":"success"}
{"timestamp":"2026-05-15T18:36:03.30713Z","vm_id":"vm-1778870163307123000","operation":"boot","user":"test","outcome":"success"}
{"timestamp":"2026-05-15T18:36:03.30729Z","vm_id":"vm-1778870163307123000","operation":"pause","user":"test","outcome":"success"}
{"timestamp":"2026-05-15T18:36:03.30769Z","vm_id":"vm-1778870163307123000","operation":"resume","user":"anonymous","outcome":"success"}
{"timestamp":"2026-05-15T18:36:03.308115Z","vm_id":"vm-1778870163308109000","operation":"boot","user":"test","outcome":"success"}
{"timestamp":"2026-05-15T18:36:03.308612Z","vm_id":"vm-1778870163308109000","operation":"shutdown","user":"anonymous","outcome":"success"}
{"timestamp":"2026-05-15T18:36:03.309144Z","vm_id":"vm-1778870163309139000","operation":"boot","user":"test","outcome":"success"}
{"timestamp":"2026-05-15T18:36:03.309546Z","vm_id":"vm-1778870163309139000","operation":"reboot","user":"anonymous","outcome":"success"}
{"timestamp":"2026-05-15T18:36:03.310261Z","vm_id":"nonexistent","operation":"boot","user":"anonymous","outcome":"error","message":"vm \"nonexistent\" not found"}
{"timestamp":"2026-05-15T18:36:03.310869Z","vm_id":"vm-1778870163310635000","operation":"boot","user":"alice","outcome":"success"}
{"timestamp":"2026-05-15T18:36:03.312279Z","vm_id":"vm-1778870163312094000","operation":"shutdown","user":"anonymous","outcome":"success"}
{"timestamp":"2026-05-15T18:44:30.647107Z","vm_id":"vm-1778870670645475000","operation":"boot","user":"anonymous","outcome":"success"}
{"timestamp":"2026-05-15T18:44:30.649134Z","vm_id":"vm-1778870670649127000","operation":"boot","user":"test","outcome":"success"}
{"timestamp":"2026-05-15T18:44:30.649754Z","vm_id":"vm-1778870670649127000","operation":"pause","user":"anonymous","outcome":"success"}
{"timestamp":"2026-05-15T18:44:30.651591Z","vm_id":"vm-1778870670651550000","operation":"boot","user":"test","outcome":"success"}
{"timestamp":"2026-05-15T18:44:30.652424Z","vm_id":"vm-1778870670651550000","operation":"pause","user":"test","outcome":"success"}
{"timestamp":"2026-05-15T18:44:30.653565Z","vm_id":"vm-1778870670651550000","operation":"resume","user":"anonymous","outcome":"success"}
{"timestamp":"2026-05-15T18:44:30.654924Z","vm_id":"vm-1778870670654915000","operation":"boot","user":"test","outcome":"success"}
{"timestamp":"2026-05-15T18:44:30.655483Z","vm_id":"vm-1778870670654915000","operation":"shutdown","user":"anonymous","outcome":"success"}
{"timestamp":"2026-05-15T18:44:30.656105Z","vm_id":"vm-1778870670656100000","operation":"boot","user":"test","outcome":"success"}
{"timestamp":"2026-05-15T18:44:30.656518Z","vm_id":"vm-1778870670656100000","operation":"reboot","user":"anonymous","outcome":"success"}
{"timestamp":"2026-05-15T18:44:30.657435Z","vm_id":"nonexistent","operation":"boot","user":"anonymous","outcome":"error","message":"vm \"nonexistent\" not found"}
{"timestamp":"2026-05-15T18:44:30.658227Z","vm_id":"vm-1778870670657982000","operation":"boot","user":"alice","outcome":"success"}
{"timestamp":"2026-05-15T18:44:30.660567Z","vm_id":"vm-1778870670660233000","operation":"shutdown","user":"anonymous","outcome":"success"}
{"timestamp":"2026-05-15T18:44:39.928021Z","vm_id":"vm-1778870679926727000","operation":"boot","user":"anonymous","outcome":"success"}
{"timestamp":"2026-05-15T18:44:39.928889Z","vm_id":"vm-1778870679928885000","operation":"boot","user":"test","outcome":"success"}
{"timestamp":"2026-05-15T18:44:39.929425Z","vm_id":"vm-1778870679928885000","operation":"pause","user":"anonymous","outcome":"success"}
{"timestamp":"2026-05-15T18:44:39.930043Z","vm_id":"vm-1778870679930039000","operation":"boot","user":"test","outcome":"success"}
{"timestamp":"2026-05-15T18:44:39.930141Z","vm_id":"vm-1778870679930039000","operation":"pause","user":"test","outcome":"success"}
{"timestamp":"2026-05-15T18:44:39.930544Z","vm_id":"vm-1778870679930039000","operation":"resume","user":"anonymous","outcome":"success"}
{"timestamp":"2026-05-15T18:44:39.93099Z","vm_id":"vm-1778870679930985000","operation":"boot","user":"test","outcome":"success"}
{"timestamp":"2026-05-15T18:44:39.931507Z","vm_id":"vm-1778870679930985000","operation":"shutdown","user":"anonymous","outcome":"success"}
{"timestamp":"2026-05-15T18:44:39.931933Z","vm_id":"vm-1778870679931929000","operation":"boot","user":"test","outcome":"success"}
{"timestamp":"2026-05-15T18:44:39.932316Z","vm_id":"vm-1778870679931929000","operation":"reboot","user":"anonymous","outcome":"success"}
{"timestamp":"2026-05-15T18:44:39.933112Z","vm_id":"nonexistent","operation":"boot","user":"anonymous","outcome":"error","message":"vm \"nonexistent\" not found"}
{"timestamp":"2026-05-15T18:44:39.933784Z","vm_id":"vm-1778870679933472000","operation":"boot","user":"alice","outcome":"success"}
{"timestamp":"2026-05-15T18:44:39.935139Z","vm_id":"vm-1778870679934877000","operation":"shutdown","user":"anonymous","outcome":"success"}
{"timestamp":"2026-05-15T18:45:45.440042Z","vm_id":"vm-1778870745439433000","operation":"boot","user":"anonymous","outcome":"success"}
{"timestamp":"2026-05-15T18:45:45.441051Z","vm_id":"vm-1778870745441044000","operation":"boot","user":"test","outcome":"success"}
{"timestamp":"2026-05-15T18:45:45.441672Z","vm_id":"vm-1778870745441044000","operation":"pause","user":"anonymous","outcome":"success"}
{"timestamp":"2026-05-15T18:45:45.442281Z","vm_id":"vm-1778870745442269000","operation":"boot","user":"test","outcome":"success"}
{"timestamp":"2026-05-15T18:45:45.442446Z","vm_id":"vm-1778870745442269000","operation":"pause","user":"test","outcome":"success"}
{"timestamp":"2026-05-15T18:45:45.442849Z","vm_id":"vm-1778870745442269000","operation":"resume","user":"anonymous","outcome":"success"}
{"timestamp":"2026-05-15T18:45:45.443269Z","vm_id":"vm-1778870745443265000","operation":"boot","user":"test","outcome":"success"}
{"timestamp":"2026-05-15T18:45:45.443594Z","vm_id":"vm-1778870745443265000","operation":"shutdown","user":"anonymous","outcome":"success"}
{"timestamp":"2026-05-15T18:45:45.444024Z","vm_id":"vm-1778870745444002000","operation":"boot","user":"test","outcome":"success"}
{"timestamp":"2026-05-15T18:45:45.444367Z","vm_id":"vm-1778870745444002000","operation":"reboot","user":"anonymous","outcome":"success"}
{"timestamp":"2026-05-15T18:45:45.444902Z","vm_id":"nonexistent","operation":"boot","user":"anonymous","outcome":"error","message":"vm \"nonexistent\" not found"}
{"timestamp":"2026-05-15T18:45:45.445563Z","vm_id":"vm-1778870745445337000","operation":"boot","user":"alice","outcome":"success"}
{"timestamp":"2026-05-15T18:45:45.447368Z","vm_id":"vm-1778870745446955000","operation":"shutdown","user":"anonymous","outcome":"success"}
{"timestamp":"2026-05-15T18:54:08.805716Z","vm_id":"vm-1778871248804768000","operation":"boot","user":"anonymous","outcome":"success"}
{"timestamp":"2026-05-15T18:54:08.807103Z","vm_id":"vm-1778871248807093000","operation":"boot","user":"test","outcome":"success"}
{"timestamp":"2026-05-15T18:54:08.807814Z","vm_id":"vm-1778871248807093000","operation":"pause","user":"anonymous","outcome":"success"}
{"timestamp":"2026-05-15T18:54:08.808874Z","vm_id":"vm-1778871248808868000","operation":"boot","user":"test","outcome":"success"}
{"timestamp":"2026-05-15T18:54:08.809134Z","vm_id":"vm-1778871248808868000","operation":"pause","user":"test","outcome":"success"}
{"timestamp":"2026-05-15T18:54:08.80969Z","vm_id":"vm-1778871248808868000","operation":"resume","user":"anonymous","outcome":"success"}
{"timestamp":"2026-05-15T18:54:08.8104Z","vm_id":"vm-1778871248810396000","operation":"boot","user":"test","outcome":"success"}
{"timestamp":"2026-05-15T18:54:08.810865Z","vm_id":"vm-1778871248810396000","operation":"shutdown","user":"anonymous","outcome":"success"}
{"timestamp":"2026-05-15T18:54:08.811421Z","vm_id":"vm-1778871248811416000","operation":"boot","user":"test","outcome":"success"}
{"timestamp":"2026-05-15T18:54:08.811832Z","vm_id":"vm-1778871248811416000","operation":"reboot","user":"anonymous","outcome":"success"}
{"timestamp":"2026-05-15T18:54:08.812583Z","vm_id":"nonexistent","operation":"boot","user":"anonymous","outcome":"error","message":"vm \"nonexistent\" not found"}
{"timestamp":"2026-05-15T18:54:08.813306Z","vm_id":"vm-1778871248813057000","operation":"boot","user":"alice","outcome":"success"}
{"timestamp":"2026-05-15T18:54:08.814979Z","vm_id":"vm-1778871248814774000","operation":"shutdown","user":"anonymous","outcome":"success"}
{"timestamp":"2026-05-15T18:54:19.784347Z","vm_id":"vm-1778871259783552000","operation":"boot","user":"anonymous","outcome":"success"}
{"timestamp":"2026-05-15T18:54:19.785529Z","vm_id":"vm-1778871259785519000","operation":"boot","user":"test","outcome":"success"}
{"timestamp":"2026-05-15T18:54:19.786315Z","vm_id":"vm-1778871259785519000","operation":"pause","user":"anonymous","outcome":"success"}
{"timestamp":"2026-05-15T18:54:19.787016Z","vm_id":"vm-1778871259786986000","operation":"boot","user":"test","outcome":"success"}
{"timestamp":"2026-05-15T18:54:19.787183Z","vm_id":"vm-1778871259786986000","operation":"pause","user":"test","outcome":"success"}
{"timestamp":"2026-05-15T18:54:19.787706Z","vm_id":"vm-1778871259786986000","operation":"resume","user":"anonymous","outcome":"success"}
{"timestamp":"2026-05-15T18:54:19.788306Z","vm_id":"vm-1778871259788300000","operation":"boot","user":"test","outcome":"success"}
{"timestamp":"2026-05-15T18:54:19.788928Z","vm_id":"vm-1778871259788300000","operation":"shutdown","user":"anonymous","outcome":"success"}
{"timestamp":"2026-05-15T18:54:19.789528Z","vm_id":"vm-1778871259789522000","operation":"boot","user":"test","outcome":"success"}
{"timestamp":"2026-05-15T18:54:19.790025Z","vm_id":"vm-1778871259789522000","operation":"reboot","user":"anonymous","outcome":"success"}
{"timestamp":"2026-05-15T18:54:19.790812Z","vm_id":"nonexistent","operation":"boot","user":"anonymous","outcome":"error","message":"vm \"nonexistent\" not found"}
{"timestamp":"2026-05-15T18:54:19.791722Z","vm_id":"vm-1778871259791414000","operation":"boot","user":"alice","outcome":"success"}
{"timestamp":"2026-05-15T18:54:19.793805Z","vm_id":"vm-1778871259793547000","operation":"shutdown","user":"anonymous","outcome":"success"}
{"timestamp":"2026-05-15T19:04:16.165317Z","vm_id":"vm-1778871856164934000","operation":"boot","user":"anonymous","outcome":"success"}
{"timestamp":"2026-05-15T19:04:16.166054Z","vm_id":"vm-1778871856166049000","operation":"boot","user":"test","outcome":"success"}
{"timestamp":"2026-05-15T19:04:16.16644Z","vm_id":"vm-1778871856166049000","operation":"pause","user":"anonymous","outcome":"success"}
{"timestamp":"2026-05-15T19:04:16.16678Z","vm_id":"vm-1778871856166777000","operation":"boot","user":"test","outcome":"success"}
{"timestamp":"2026-05-15T19:04:16.166871Z","vm_id":"vm-1778871856166777000","operation":"pause","user":"test","outcome":"success"}
{"timestamp":"2026-05-15T19:04:16.167128Z","vm_id":"vm-1778871856166777000","operation":"resume","user":"anonymous","outcome":"success"}
{"timestamp":"2026-05-15T19:04:16.167502Z","vm_id":"vm-1778871856167497000","operation":"boot","user":"test","outcome":"success"}
{"timestamp":"2026-05-15T19:04:16.168016Z","vm_id":"vm-1778871856167497000","operation":"shutdown","user":"anonymous","outcome":"success"}
{"timestamp":"2026-05-15T19:04:16.168549Z","vm_id":"vm-1778871856168543000","operation":"boot","user":"test","outcome":"success"}
{"timestamp":"2026-05-15T19:04:16.16903Z","vm_id":"vm-1778871856168543000","operation":"reboot","user":"anonymous","outcome":"success"}
{"timestamp":"2026-05-15T19:04:16.169558Z","vm_id":"nonexistent","operation":"boot","user":"anonymous","outcome":"error","message":"vm \"nonexistent\" not found"}
{"timestamp":"2026-05-15T19:04:16.170454Z","vm_id":"vm-1778871856170067000","operation":"boot","user":"alice","outcome":"success"}
{"timestamp":"2026-05-15T19:04:16.173619Z","vm_id":"vm-1778871856172959000","operation":"shutdown","user":"anonymous","outcome":"success"}
{"timestamp":"2026-05-15T19:08:48.230274Z","vm_id":"vm-1778872128229560000","operation":"boot","user":"anonymous","outcome":"success"}
{"timestamp":"2026-05-15T19:08:48.233079Z","vm_id":"vm-1778872128233037000","operation":"boot","user":"test","outcome":"success"}
{"timestamp":"2026-05-15T19:08:48.234698Z","vm_id":"vm-1778872128233037000","operation":"pause","user":"anonymous","outcome":"success"}
{"timestamp":"2026-05-15T19:08:48.235233Z","vm_id":"vm-1778872128235230000","operation":"boot","user":"test","outcome":"success"}
{"timestamp":"2026-05-15T19:08:48.235351Z","vm_id":"vm-1778872128235230000","operation":"pause","user":"test","outcome":"success"}
{"timestamp":"2026-05-15T19:08:48.235683Z","vm_id":"vm-1778872128235230000","operation":"resume","user":"anonymous","outcome":"success"}
{"timestamp":"2026-05-15T19:08:48.236226Z","vm_id":"vm-1778872128236219000","operation":"boot","user":"test","outcome":"success"}
{"timestamp":"2026-05-15T19:08:48.236848Z","vm_id":"vm-1778872128236219000","operation":"shutdown","user":"anonymous","outcome":"success"}
{"timestamp":"2026-05-15T19:08:48.237346Z","vm_id":"vm-1778872128237342000","operation":"boot","user":"test","outcome":"success"}
{"timestamp":"2026-05-15T19:08:48.237748Z","vm_id":"vm-1778872128237342000","operation":"reboot","user":"anonymous","outcome":"success"}
{"timestamp":"2026-05-15T19:08:48.23849Z","vm_id":"nonexistent","operation":"boot","user":"anonymous","outcome":"error","message":"vm \"nonexistent\" not found"}
{"timestamp":"2026-05-15T19:08:48.239231Z","vm_id":"vm-1778872128238954000","operation":"boot","user":"alice","outcome":"success"}
{"timestamp":"2026-05-15T19:08:48.241229Z","vm_id":"vm-1778872128240859000","operation":"shutdown","user":"anonymous","outcome":"success"}
{"timestamp":"2026-05-15T19:18:00.270966Z","vm_id":"vm-1778872680270194000","operation":"boot","user":"anonymous","outcome":"success"}
{"timestamp":"2026-05-15T19:18:00.272234Z","vm_id":"vm-1778872680272225000","operation":"boot","user":"test","outcome":"success"}
{"timestamp":"2026-05-15T19:18:00.273431Z","vm_id":"vm-1778872680272225000","operation":"pause","user":"anonymous","outcome":"success"}
{"timestamp":"2026-05-15T19:18:00.27487Z","vm_id":"vm-1778872680274860000","operation":"boot","user":"test","outcome":"success"}
{"timestamp":"2026-05-15T19:18:00.275204Z","vm_id":"vm-1778872680274860000","operation":"pause","user":"test","outcome":"success"}
{"timestamp":"2026-05-15T19:18:00.27585Z","vm_id":"vm-1778872680274860000","operation":"resume","user":"anonymous","outcome":"success"}
{"timestamp":"2026-05-15T19:18:00.27645Z","vm_id":"vm-1778872680276446000","operation":"boot","user":"test","outcome":"success"}
{"timestamp":"2026-05-15T19:18:00.276906Z","vm_id":"vm-1778872680276446000","operation":"shutdown","user":"anonymous","outcome":"success"}
{"timestamp":"2026-05-15T19:18:00.27764Z","vm_id":"vm-1778872680277633000","operation":"boot","user":"test","outcome":"success"}
{"timestamp":"2026-05-15T19:18:00.278784Z","vm_id":"vm-1778872680277633000","operation":"reboot","user":"anonymous","outcome":"success"}
{"timestamp":"2026-05-15T19:18:00.280007Z","vm_id":"nonexistent","operation":"boot","user":"anonymous","outcome":"error","message":"vm \"nonexistent\" not found"}
{"timestamp":"2026-05-15T19:18:00.280867Z","vm_id":"vm-1778872680280641000","operation":"boot","user":"alice","outcome":"success"}
{"timestamp":"2026-05-15T19:18:00.282932Z","vm_id":"vm-1778872680282571000","operation":"shutdown","user":"anonymous","outcome":"success"}
{"timestamp":"2026-05-15T19:30:37.81299Z","vm_id":"vm-1778873437811885000","operation":"boot","user":"anonymous","outcome":"success"}
{"timestamp":"2026-05-15T19:30:37.815392Z","vm_id":"vm-1778873437815342000","operation":"boot","user":"test","outcome":"success"}
{"timestamp":"2026-05-15T19:30:37.817277Z","vm_id":"vm-1778873437815342000","operation":"pause","user":"anonymous","outcome":"success"}
{"timestamp":"2026-05-15T19:30:37.819457Z","vm_id":"vm-1778873437819422000","operation":"boot","user":"test","outcome":"success"}
{"timestamp":"2026-05-15T19:30:37.819731Z","vm_id":"vm-1778873437819422000","operation":"pause","user":"test","outcome":"success"}
{"timestamp":"2026-05-15T19:30:37.820855Z","vm_id":"vm-1778873437819422000","operation":"resume","user":"anonymous","outcome":"success"}
{"timestamp":"2026-05-15T19:30:37.822864Z","vm_id":"vm-1778873437822818000","operation":"boot","user":"test","outcome":"success"}
{"timestamp":"2026-05-15T19:30:37.82419Z","vm_id":"vm-1778873437822818000","operation":"shutdown","user":"anonymous","outcome":"success"}
{"timestamp":"2026-05-15T19:30:37.826601Z","vm_id":"vm-1778873437826551000","operation":"boot","user":"test","outcome":"success"}
{"timestamp":"2026-05-15T19:30:37.827996Z","vm_id":"vm-1778873437826551000","operation":"reboot","user":"anonymous","outcome":"success"}
{"timestamp":"2026-05-15T19:30:37.830411Z","vm_id":"nonexistent","operation":"boot","user":"anonymous","outcome":"error","message":"vm \"nonexistent\" not found"}
{"timestamp":"2026-05-15T19:30:37.833343Z","vm_id":"vm-1778873437832039000","operation":"boot","user":"alice","outcome":"success"}
{"timestamp":"2026-05-15T19:30:37.846269Z","vm_id":"vm-1778873437845656000","operation":"shutdown","user":"anonymous","outcome":"success"}
{"timestamp":"2026-05-16T04:05:01.609062Z","vm_id":"vm-1778904301609037000","operation":"boot","user":"test","outcome":"success"}
{"timestamp":"2026-05-16T04:05:01.609448Z","vm_id":"vm-1778904301609037000","operation":"boot","user":"anonymous","outcome":"success"}
{"timestamp":"2026-05-16T04:05:01.61016Z","vm_id":"nonexistent","operation":"boot","user":"anonymous","outcome":"error","message":"vm \"nonexistent\" not found"}
{"timestamp":"2026-05-16T04:05:01.610452Z","vm_id":"vm-1778904301609037000","operation":"pause","user":"anonymous","outcome":"success"}
{"timestamp":"2026-05-16T04:05:01.611386Z","vm_id":"vm-1778904301609037000","operation":"resume","user":"anonymous","outcome":"success"}
{"timestamp":"2026-05-16T04:05:01.612228Z","vm_id":"vm-1778904301609037000","operation":"shutdown","user":"anonymous","outcome":"success"}
{"timestamp":"2026-05-16T04:05:01.612928Z","vm_id":"vm-1778904301609037000","operation":"reboot","user":"anonymous","outcome":"success"}
{"timestamp":"2026-05-16T04:05:01.613746Z","vm_id":"vm-1778904301613547000","operation":"boot","user":"alice","outcome":"success"}
{"timestamp":"2026-05-16T04:05:09.092176Z","vm_id":"vm-1778904309092151000","operation":"boot","user":"test","outcome":"success"}
{"timestamp":"2026-05-16T04:05:09.0926Z","vm_id":"vm-1778904309092151000","operation":"boot","user":"anonymous","outcome":"success"}
{"timestamp":"2026-05-16T04:05:09.093409Z","vm_id":"nonexistent","operation":"boot","user":"anonymous","outcome":"error","message":"vm \"nonexistent\" not found"}
{"timestamp":"2026-05-16T04:05:09.093771Z","vm_id":"vm-1778904309092151000","operation":"pause","user":"anonymous","outcome":"success"}
{"timestamp":"2026-05-16T04:05:09.094475Z","vm_id":"vm-1778904309092151000","operation":"resume","user":"anonymous","outcome":"success"}
{"timestamp":"2026-05-16T04:05:09.095048Z","vm_id":"vm-1778904309092151000","operation":"shutdown","user":"anonymous","outcome":"success"}
{"timestamp":"2026-05-16T04:05:09.095931Z","vm_id":"vm-1778904309092151000","operation":"reboot","user":"anonymous","outcome":"success"}
{"timestamp":"2026-05-16T04:05:09.09704Z","vm_id":"vm-1778904309096840000","operation":"boot","user":"alice","outcome":"success"}
{"timestamp":"2026-05-16T04:05:16.985147Z","vm_id":"vm-1778904316985110000","operation":"boot","user":"test","outcome":"success"}
{"timestamp":"2026-05-16T04:05:16.98598Z","vm_id":"vm-1778904316985110000","operation":"boot","user":"anonymous","outcome":"success"}
{"timestamp":"2026-05-16T04:05:16.987059Z","vm_id":"nonexistent","operation":"boot","user":"anonymous","outcome":"error","message":"vm \"nonexistent\" not found"}
{"timestamp":"2026-05-16T04:05:16.987601Z","vm_id":"vm-1778904316985110000","operation":"pause","user":"anonymous","outcome":"success"}
{"timestamp":"2026-05-16T04:05:16.988452Z","vm_id":"vm-1778904316985110000","operation":"resume","user":"anonymous","outcome":"success"}
{"timestamp":"2026-05-16T04:05:16.989308Z","vm_id":"vm-1778904316985110000","operation":"shutdown","user":"anonymous","outcome":"success"}
{"timestamp":"2026-05-16T04:05:16.990261Z","vm_id":"vm-1778904316985110000","operation":"reboot","user":"anonymous","outcome":"success"}
{"timestamp":"2026-05-16T04:05:16.991697Z","vm_id":"vm-1778904316991263000","operation":"boot","user":"alice","outcome":"success"}
{"timestamp":"2026-05-16T04:05:17.524742Z","vm_id":"vm-1778904317524329000","operation":"boot","user":"anonymous","outcome":"success"}
{"timestamp":"2026-05-16T04:05:17.525824Z","vm_id":"vm-1778904317525814000","operation":"boot","user":"test","outcome":"success"}
{"timestamp":"2026-05-16T04:05:17.526455Z","vm_id":"vm-1778904317525814000","operation":"pause","user":"anonymous","outcome":"success"}
{"timestamp":"2026-05-16T04:05:17.527253Z","vm_id":"vm-1778904317527245000","operation":"boot","user":"test","outcome":"success"}
{"timestamp":"2026-05-16T04:05:17.527482Z","vm_id":"vm-1778904317527245000","operation":"pause","user":"test","outcome":"success"}
{"timestamp":"2026-05-16T04:05:17.527892Z","vm_id":"vm-1778904317527245000","operation":"resume","user":"anonymous","outcome":"success"}
{"timestamp":"2026-05-16T04:05:17.52843Z","vm_id":"vm-1778904317528423000","operation":"boot","user":"test","outcome":"success"}
{"timestamp":"2026-05-16T04:05:17.528904Z","vm_id":"vm-1778904317528423000","operation":"shutdown","user":"anonymous","outcome":"success"}
{"timestamp":"2026-05-16T04:05:17.529407Z","vm_id":"vm-1778904317529401000","operation":"boot","user":"test","outcome":"success"}
{"timestamp":"2026-05-16T04:05:17.529809Z","vm_id":"vm-1778904317529401000","operation":"reboot","user":"anonymous","outcome":"success"}
{"timestamp":"2026-05-16T04:05:17.530561Z","vm_id":"nonexistent","operation":"boot","user":"anonymous","outcome":"error","message":"vm \"nonexistent\" not found"}
{"timestamp":"2026-05-16T04:05:17.531246Z","vm_id":"vm-1778904317531022000","operation":"boot","user":"alice","outcome":"success"}
{"timestamp":"2026-05-16T04:05:17.534712Z","vm_id":"vm-1778904317534474000","operation":"shutdown","user":"anonymous","outcome":"success"}
{"timestamp":"2026-05-16T04:05:25.950142Z","vm_id":"vm-1778904325950104000","operation":"boot","user":"test","outcome":"success"}
{"timestamp":"2026-05-16T04:05:25.951059Z","vm_id":"vm-1778904325950104000","operation":"boot","user":"anonymous","outcome":"success"}
{"timestamp":"2026-05-16T04:05:25.95223Z","vm_id":"nonexistent","operation":"boot","user":"anonymous","outcome":"error","message":"vm \"nonexistent\" not found"}
{"timestamp":"2026-05-16T04:05:25.952821Z","vm_id":"vm-1778904325950104000","operation":"pause","user":"anonymous","outcome":"success"}
{"timestamp":"2026-05-16T04:05:25.953889Z","vm_id":"vm-1778904325950104000","operation":"resume","user":"anonymous","outcome":"success"}
{"timestamp":"2026-05-16T04:05:25.954818Z","vm_id":"vm-1778904325950104000","operation":"shutdown","user":"anonymous","outcome":"success"}
{"timestamp":"2026-05-16T04:05:25.955782Z","vm_id":"vm-1778904325950104000","operation":"reboot","user":"anonymous","outcome":"success"}
{"timestamp":"2026-05-16T04:05:25.957409Z","vm_id":"vm-1778904325957144000","operation":"boot","user":"alice","outcome":"success"}
{"timestamp":"2026-05-16T04:05:26.490699Z","vm_id":"vm-1778904326490301000","operation":"boot","user":"anonymous","outcome":"success"}
{"timestamp":"2026-05-16T04:05:26.491681Z","vm_id":"vm-1778904326491671000","operation":"boot","user":"test","outcome":"success"}
{"timestamp":"2026-05-16T04:05:26.492406Z","vm_id":"vm-1778904326491671000","operation":"pause","user":"anonymous","outcome":"success"}
{"timestamp":"2026-05-16T04:05:26.492779Z","vm_id":"vm-1778904326492775000","operation":"boot","user":"test","outcome":"success"}
{"timestamp":"2026-05-16T04:05:26.492901Z","vm_id":"vm-1778904326492775000","operation":"pause","user":"test","outcome":"success"}
{"timestamp":"2026-05-16T04:05:26.493301Z","vm_id":"vm-1778904326492775000","operation":"resume","user":"anonymous","outcome":"success"}
{"timestamp":"2026-05-16T04:05:26.49373Z","vm_id":"vm-1778904326493727000","operation":"boot","user":"test","outcome":"success"}
{"timestamp":"2026-05-16T04:05:26.494099Z","vm_id":"vm-1778904326493727000","operation":"shutdown","user":"anonymous","outcome":"success"}
{"timestamp":"2026-05-16T04:05:26.494525Z","vm_id":"vm-1778904326494519000","operation":"boot","user":"test","outcome":"success"}
{"timestamp":"2026-05-16T04:05:26.494981Z","vm_id":"vm-1778904326494519000","operation":"reboot","user":"anonymous","outcome":"success"}
{"timestamp":"2026-05-16T04:05:26.495751Z","vm_id":"nonexistent","operation":"boot","user":"anonymous","outcome":"error","message":"vm \"nonexistent\" not found"}
{"timestamp":"2026-05-16T04:05:26.496458Z","vm_id":"vm-1778904326496222000","operation":"boot","user":"alice","outcome":"success"}
{"timestamp":"2026-05-16T04:05:26.498615Z","vm_id":"vm-1778904326498329000","operation":"shutdown","user":"anonymous","outcome":"success"}
{"timestamp":"2026-05-16T12:15:40.002215Z","vm_id":"vm-1778933740002182000","operation":"boot","user":"test","outcome":"success"}
{"timestamp":"2026-05-16T12:15:40.003088Z","vm_id":"vm-1778933740002182000","operation":"boot","user":"anonymous","outcome":"success"}
{"timestamp":"2026-05-16T12:15:40.004382Z","vm_id":"nonexistent","operation":"boot","user":"anonymous","outcome":"error","message":"vm \"nonexistent\" not found"}
{"timestamp":"2026-05-16T12:15:40.005282Z","vm_id":"vm-1778933740002182000","operation":"pause","user":"anonymous","outcome":"success"}
{"timestamp":"2026-05-16T12:15:40.006688Z","vm_id":"vm-1778933740002182000","operation":"resume","user":"anonymous","outcome":"success"}
{"timestamp":"2026-05-16T12:15:40.007864Z","vm_id":"vm-1778933740002182000","operation":"shutdown","user":"anonymous","outcome":"success"}
{"timestamp":"2026-05-16T12:15:40.009056Z","vm_id":"vm-1778933740002182000","operation":"reboot","user":"anonymous","outcome":"success"}
{"timestamp":"2026-05-16T12:15:40.010345Z","vm_id":"vm-1778933740010127000","operation":"boot","user":"alice","outcome":"success"}
{"timestamp":"2026-05-16T12:15:40.541123Z","vm_id":"vm-1778933740540913000","operation":"boot","user":"anonymous","outcome":"success"}
{"timestamp":"2026-05-16T12:15:40.541902Z","vm_id":"vm-1778933740541896000","operation":"boot","user":"test","outcome":"success"}
{"timestamp":"2026-05-16T12:15:40.542351Z","vm_id":"vm-1778933740541896000","operation":"pause","user":"anonymous","outcome":"success"}
{"timestamp":"2026-05-16T12:15:40.542787Z","vm_id":"vm-1778933740542782000","operation":"boot","user":"test","outcome":"success"}
{"timestamp":"2026-05-16T12:15:40.542934Z","vm_id":"vm-1778933740542782000","operation":"pause","user":"test","outcome":"success"}
{"timestamp":"2026-05-16T12:15:40.54323Z","vm_id":"vm-1778933740542782000","operation":"resume","user":"anonymous","outcome":"success"}
{"timestamp":"2026-05-16T12:15:40.543641Z","vm_id":"vm-1778933740543636000","operation":"boot","user":"test","outcome":"success"}
{"timestamp":"2026-05-16T12:15:40.54396Z","vm_id":"vm-1778933740543636000","operation":"shutdown","user":"anonymous","outcome":"success"}
{"timestamp":"2026-05-16T12:15:40.544324Z","vm_id":"vm-1778933740544321000","operation":"boot","user":"test","outcome":"success"}
{"timestamp":"2026-05-16T12:15:40.544679Z","vm_id":"vm-1778933740544321000","operation":"reboot","user":"anonymous","outcome":"success"}
{"timestamp":"2026-05-16T12:15:40.545235Z","vm_id":"nonexistent","operation":"boot","user":"anonymous","outcome":"error","message":"vm \"nonexistent\" not found"}
{"timestamp":"2026-05-16T12:15:40.545911Z","vm_id":"vm-1778933740545576000","operation":"boot","user":"alice","outcome":"success"}
{"timestamp":"2026-05-16T12:15:40.548941Z","vm_id":"vm-1778933740548645000","operation":"shutdown","user":"anonymous","outcome":"success"}
{"timestamp":"2026-05-16T12:32:44.805746Z","vm_id":"vm-1778934764805712000","operation":"boot","user":"test","outcome":"success"}
{"timestamp":"2026-05-16T12:32:44.806519Z","vm_id":"vm-1778934764805712000","operation":"boot","user":"anonymous","outcome":"success"}
{"timestamp":"2026-05-16T12:32:44.807469Z","vm_id":"nonexistent","operation":"boot","user":"anonymous","outcome":"error","message":"vm \"nonexistent\" not found"}
{"timestamp":"2026-05-16T12:32:44.808068Z","vm_id":"vm-1778934764805712000","operation":"pause","user":"anonymous","outcome":"success"}
{"timestamp":"2026-05-16T12:32:44.809024Z","vm_id":"vm-1778934764805712000","operation":"resume","user":"anonymous","outcome":"success"}
{"timestamp":"2026-05-16T12:32:44.809843Z","vm_id":"vm-1778934764805712000","operation":"shutdown","user":"anonymous","outcome":"success"}
{"timestamp":"2026-05-16T12:32:44.811336Z","vm_id":"vm-1778934764805712000","operation":"reboot","user":"anonymous","outcome":"success"}
{"timestamp":"2026-05-16T12:32:44.81291Z","vm_id":"vm-1778934764812685000","operation":"boot","user":"alice","outcome":"success"}
{"timestamp":"2026-05-16T12:32:45.341271Z","vm_id":"vm-1778934765340964000","operation":"boot","user":"anonymous","outcome":"success"}
{"timestamp":"2026-05-16T12:32:45.342083Z","vm_id":"vm-1778934765342077000","operation":"boot","user":"test","outcome":"success"}
{"timestamp":"2026-05-16T12:32:45.342589Z","vm_id":"vm-1778934765342077000","operation":"pause","user":"anonymous","outcome":"success"}
{"timestamp":"2026-05-16T12:32:45.343087Z","vm_id":"vm-1778934765343082000","operation":"boot","user":"test","outcome":"success"}
{"timestamp":"2026-05-16T12:32:45.343233Z","vm_id":"vm-1778934765343082000","operation":"pause","user":"test","outcome":"success"}
{"timestamp":"2026-05-16T12:32:45.343588Z","vm_id":"vm-1778934765343082000","operation":"resume","user":"anonymous","outcome":"success"}
{"timestamp":"2026-05-16T12:32:45.343998Z","vm_id":"vm-1778934765343993000","operation":"boot","user":"test","outcome":"success"}
{"timestamp":"2026-05-16T12:32:45.344345Z","vm_id":"vm-1778934765343993000","operation":"shutdown","user":"anonymous","outcome":"success"}
{"timestamp":"2026-05-16T12:32:45.344747Z","vm_id":"vm-1778934765344742000","operation":"boot","user":"test","outcome":"success"}
{"timestamp":"2026-05-16T12:32:45.345099Z","vm_id":"vm-1778934765344742000","operation":"reboot","user":"anonymous","outcome":"success"}
{"timestamp":"2026-05-16T12:32:45.345886Z","vm_id":"nonexistent","operation":"boot","user":"anonymous","outcome":"error","message":"vm \"nonexistent\" not found"}
{"timestamp":"2026-05-16T12:32:45.346764Z","vm_id":"vm-1778934765346400000","operation":"boot","user":"alice","outcome":"success"}
{"timestamp":"2026-05-16T12:32:45.3498Z","vm_id":"vm-1778934765349406000","operation":"shutdown","user":"anonymous","outcome":"success"}
{"timestamp":"2026-05-16T12:36:08.469057Z","vm_id":"vm-1778934968469015000","operation":"boot","user":"test","outcome":"success"}
{"timestamp":"2026-05-16T12:36:08.469708Z","vm_id":"vm-1778934968469015000","operation":"boot","user":"anonymous","outcome":"success"}
{"timestamp":"2026-05-16T12:36:08.470934Z","vm_id":"nonexistent","operation":"boot","user":"anonymous","outcome":"error","message":"vm \"nonexistent\" not found"}
{"timestamp":"2026-05-16T12:36:08.471451Z","vm_id":"vm-1778934968469015000","operation":"pause","user":"anonymous","outcome":"success"}
{"timestamp":"2026-05-16T12:36:08.472521Z","vm_id":"vm-1778934968469015000","operation":"resume","user":"anonymous","outcome":"success"}
{"timestamp":"2026-05-16T12:36:08.473581Z","vm_id":"vm-1778934968469015000","operation":"shutdown","user":"anonymous","outcome":"success"}
{"timestamp":"2026-05-16T12:36:08.474592Z","vm_id":"vm-1778934968469015000","operation":"reboot","user":"anonymous","outcome":"success"}
{"timestamp":"2026-05-16T12:36:08.476247Z","vm_id":"vm-1778934968475895000","operation":"boot","user":"alice","outcome":"success"}
{"timestamp":"2026-05-16T12:36:09.020083Z","vm_id":"vm-1778934969019450000","operation":"boot","user":"anonymous","outcome":"success"}
{"timestamp":"2026-05-16T12:36:09.021593Z","vm_id":"vm-1778934969021557000","operation":"boot","user":"test","outcome":"success"}
{"timestamp":"2026-05-16T12:36:09.022387Z","vm_id":"vm-1778934969021557000","operation":"pause","user":"anonymous","outcome":"success"}
{"timestamp":"2026-05-16T12:36:09.02387Z","vm_id":"vm-1778934969023818000","operation":"boot","user":"test","outcome":"success"}
{"timestamp":"2026-05-16T12:36:09.024087Z","vm_id":"vm-1778934969023818000","operation":"pause","user":"test","outcome":"success"}
{"timestamp":"2026-05-16T12:36:09.024967Z","vm_id":"vm-1778934969023818000","operation":"resume","user":"anonymous","outcome":"success"}
{"timestamp":"2026-05-16T12:36:09.027173Z","vm_id":"vm-1778934969027121000","operation":"boot","user":"test","outcome":"success"}
{"timestamp":"2026-05-16T12:36:09.027924Z","vm_id":"vm-1778934969027121000","operation":"shutdown","user":"anonymous","outcome":"success"}
{"timestamp":"2026-05-16T12:36:09.029015Z","vm_id":"vm-1778934969028969000","operation":"boot","user":"test","outcome":"success"}
{"timestamp":"2026-05-16T12:36:09.029762Z","vm_id":"vm-1778934969028969000","operation":"reboot","user":"anonymous","outcome":"success"}
{"timestamp":"2026-05-16T12:36:09.031146Z","vm_id":"nonexistent","operation":"boot","user":"anonymous","outcome":"error","message":"vm \"nonexistent\" not found"}
{"timestamp":"2026-05-16T12:36:09.032524Z","vm_id":"vm-1778934969032023000","operation":"boot","user":"alice","outcome":"success"}
{"timestamp":"2026-05-16T12:36:09.045542Z","vm_id":"vm-1778934969045039000","operation":"shutdown","user":"anonymous","outcome":"success"}
{"timestamp":"2026-05-16T12:37:04.473771Z","vm_id":"vm-1778935024473747000","operation":"boot","user":"test","outcome":"success"}
{"timestamp":"2026-05-16T12:37:04.474139Z","vm_id":"vm-1778935024473747000","operation":"boot","user":"anonymous","outcome":"success"}
{"timestamp":"2026-05-16T12:37:04.474858Z","vm_id":"nonexistent","operation":"boot","user":"anonymous","outcome":"error","message":"vm \"nonexistent\" not found"}
{"timestamp":"2026-05-16T12:37:04.475216Z","vm_id":"vm-1778935024473747000","operation":"pause","user":"anonymous","outcome":"success"}
{"timestamp":"2026-05-16T12:37:04.475935Z","vm_id":"vm-1778935024473747000","operation":"resume","user":"anonymous","outcome":"success"}
{"timestamp":"2026-05-16T12:37:04.476655Z","vm_id":"vm-1778935024473747000","operation":"shutdown","user":"anonymous","outcome":"success"}
{"timestamp":"2026-05-16T12:37:04.477417Z","vm_id":"vm-1778935024473747000","operation":"reboot","user":"anonymous","outcome":"success"}
{"timestamp":"2026-05-16T12:37:04.478543Z","vm_id":"vm-1778935024478057000","operation":"boot","user":"alice","outcome":"success"}
{"timestamp":"2026-05-16T12:37:05.004165Z","vm_id":"vm-1778935025003894000","operation":"boot","user":"anonymous","outcome":"success"}
{"timestamp":"2026-05-16T12:37:05.005085Z","vm_id":"vm-1778935025005078000","operation":"boot","user":"test","outcome":"success"}
{"timestamp":"2026-05-16T12:37:05.006337Z","vm_id":"vm-1778935025005078000","operation":"pause","user":"anonymous","outcome":"success"}
{"timestamp":"2026-05-16T12:37:05.006975Z","vm_id":"vm-1778935025006969000","operation":"boot","user":"test","outcome":"success"}
{"timestamp":"2026-05-16T12:37:05.007129Z","vm_id":"vm-1778935025006969000","operation":"pause","user":"test","outcome":"success"}
{"timestamp":"2026-05-16T12:37:05.007509Z","vm_id":"vm-1778935025006969000","operation":"resume","user":"anonymous","outcome":"success"}
{"timestamp":"2026-05-16T12:37:05.008343Z","vm_id":"vm-1778935025008330000","operation":"boot","user":"test","outcome":"success"}
{"timestamp":"2026-05-16T12:37:05.008784Z","vm_id":"vm-1778935025008330000","operation":"shutdown","user":"anonymous","outcome":"success"}
{"timestamp":"2026-05-16T12:37:05.00929Z","vm_id":"vm-1778935025009282000","operation":"boot","user":"test","outcome":"success"}
{"timestamp":"2026-05-16T12:37:05.009872Z","vm_id":"vm-1778935025009282000","operation":"reboot","user":"anonymous","outcome":"success"}
{"timestamp":"2026-05-16T12:37:05.01043Z","vm_id":"nonexistent","operation":"boot","user":"anonymous","outcome":"error","message":"vm \"nonexistent\" not found"}
{"timestamp":"2026-05-16T12:37:05.010984Z","vm_id":"vm-1778935025010790000","operation":"boot","user":"alice","outcome":"success"}
{"timestamp":"2026-05-16T12:37:05.01293Z","vm_id":"vm-1778935025012750000","operation":"shutdown","user":"anonymous","outcome":"success"}
{"timestamp":"2026-05-16T13:45:21.862261Z","vm_id":"vm-1778939121862231000","operation":"boot","user":"test","outcome":"success"}
{"timestamp":"2026-05-16T13:45:21.863131Z","vm_id":"vm-1778939121862231000","operation":"boot","user":"anonymous","outcome":"success"}
{"timestamp":"2026-05-16T13:45:21.864403Z","vm_id":"nonexistent","operation":"boot","user":"anonymous","outcome":"error","message":"vm \"nonexistent\" not found"}
{"timestamp":"2026-05-16T13:45:21.86496Z","vm_id":"vm-1778939121862231000","operation":"pause","user":"anonymous","outcome":"success"}
{"timestamp":"2026-05-16T13:45:21.866166Z","vm_id":"vm-1778939121862231000","operation":"resume","user":"anonymous","outcome":"success"}
{"timestamp":"2026-05-16T13:45:21.867171Z","vm_id":"vm-1778939121862231000","operation":"shutdown","user":"anonymous","outcome":"success"}
{"timestamp":"2026-05-16T13:45:21.868076Z","vm_id":"vm-1778939121862231000","operation":"reboot","user":"anonymous","outcome":"success"}
{"timestamp":"2026-05-16T13:45:21.869187Z","vm_id":"vm-1778939121868906000","operation":"boot","user":"alice","outcome":"success"}
{"timestamp":"2026-05-16T13:45:22.393929Z","vm_id":"vm-1778939122393715000","operation":"boot","user":"anonymous","outcome":"success"}
{"timestamp":"2026-05-16T13:45:22.394522Z","vm_id":"vm-1778939122394518000","operation":"boot","user":"test","outcome":"success"}
{"timestamp":"2026-05-16T13:45:22.394848Z","vm_id":"vm-1778939122394518000","operation":"pause","user":"anonymous","outcome":"success"}
{"timestamp":"2026-05-16T13:45:22.395201Z","vm_id":"vm-1778939122395198000","operation":"boot","user":"test","outcome":"success"}
{"timestamp":"2026-05-16T13:45:22.3953Z","vm_id":"vm-1778939122395198000","operation":"pause","user":"test","outcome":"success"}
{"timestamp":"2026-05-16T13:45:22.395578Z","vm_id":"vm-1778939122395198000","operation":"resume","user":"anonymous","outcome":"success"}
{"timestamp":"2026-05-16T13:45:22.39588Z","vm_id":"vm-1778939122395877000","operation":"boot","user":"test","outcome":"success"}
{"timestamp":"2026-05-16T13:45:22.396143Z","vm_id":"vm-1778939122395877000","operation":"shutdown","user":"anonymous","outcome":"success"}
{"timestamp":"2026-05-16T13:45:22.396439Z","vm_id":"vm-1778939122396436000","operation":"boot","user":"test","outcome":"success"}
{"timestamp":"2026-05-16T13:45:22.396667Z","vm_id":"vm-1778939122396436000","operation":"reboot","user":"anonymous","outcome":"success"}
{"timestamp":"2026-05-16T13:45:22.397109Z","vm_id":"nonexistent","operation":"boot","user":"anonymous","outcome":"error","message":"vm \"nonexistent\" not found"}
{"timestamp":"2026-05-16T13:45:22.397563Z","vm_id":"vm-1778939122397389000","operation":"boot","user":"alice","outcome":"success"}
{"timestamp":"2026-05-16T13:45:22.400612Z","vm_id":"vm-1778939122400310000","operation":"shutdown","user":"anonymous","outcome":"success"}
{"timestamp":"2026-05-16T13:50:19.263273Z","vm_id":"vm-1778939419263259000","operation":"boot","user":"test","outcome":"success"}
{"timestamp":"2026-05-16T13:50:19.26378Z","vm_id":"vm-1778939419263259000","operation":"boot","user":"anonymous","outcome":"success"}
{"timestamp":"2026-05-16T13:50:19.264388Z","vm_id":"nonexistent","operation":"boot","user":"anonymous","outcome":"error","message":"vm \"nonexistent\" not found"}
{"timestamp":"2026-05-16T13:50:19.264733Z","vm_id":"vm-1778939419263259000","operation":"pause","user":"anonymous","outcome":"success"}
{"timestamp":"2026-05-16T13:50:19.265368Z","vm_id":"vm-1778939419263259000","operation":"resume","user":"anonymous","outcome":"success"}
{"timestamp":"2026-05-16T13:50:19.266161Z","vm_id":"vm-1778939419263259000","operation":"shutdown","user":"anonymous","outcome":"success"}
{"timestamp":"2026-05-16T13:50:19.268073Z","vm_id":"vm-1778939419263259000","operation":"reboot","user":"anonymous","outcome":"success"}
{"timestamp":"2026-05-16T13:50:19.271611Z","vm_id":"vm-1778939419271351000","operation":"boot","user":"alice","outcome":"success"}
{"timestamp":"2026-05-16T13:50:19.803708Z","vm_id":"vm-1778939419803514000","operation":"boot","user":"anonymous","outcome":"success"}
{"timestamp":"2026-05-16T13:50:19.804252Z","vm_id":"vm-1778939419804248000","operation":"boot","user":"test","outcome":"success"}
{"timestamp":"2026-05-16T13:50:19.804638Z","vm_id":"vm-1778939419804248000","operation":"pause","user":"anonymous","outcome":"success"}
{"timestamp":"2026-05-16T13:50:19.805237Z","vm_id":"vm-1778939419805229000","operation":"boot","user":"test","outcome":"success"}
{"timestamp":"2026-05-16T13:50:19.805453Z","vm_id":"vm-1778939419805229000","operation":"pause","user":"test","outcome":"success"}
{"timestamp":"2026-05-16T13:50:19.806281Z","vm_id":"vm-1778939419805229000","operation":"resume","user":"anonymous","outcome":"success"}
{"timestamp":"2026-05-16T13:50:19.806876Z","vm_id":"vm-1778939419806870000","operation":"boot","user":"test","outcome":"success"}
{"timestamp":"2026-05-16T13:50:19.807342Z","vm_id":"vm-1778939419806870000","operation":"shutdown","user":"anonymous","outcome":"success"}
{"timestamp":"2026-05-16T13:50:19.807832Z","vm_id":"vm-1778939419807827000","operation":"boot","user":"test","outcome":"success"}
{"timestamp":"2026-05-16T13:50:19.808254Z","vm_id":"vm-1778939419807827000","operation":"reboot","user":"anonymous","outcome":"success"}
{"timestamp":"2026-05-16T13:50:19.80915Z","vm_id":"nonexistent","operation":"boot","user":"anonymous","outcome":"error","message":"vm \"nonexistent\" not found"}
{"timestamp":"2026-05-16T13:50:19.809953Z","vm_id":"vm-1778939419809622000","operation":"boot","user":"alice","outcome":"success"}
{"timestamp":"2026-05-16T13:50:19.811813Z","vm_id":"vm-1778939419811568000","operation":"shutdown","user":"anonymous","outcome":"success"}
{"timestamp":"2026-05-16T14:05:28.277124Z","vm_id":"vm-1778940328277092000","operation":"boot","user":"test","outcome":"success"}
{"timestamp":"2026-05-16T14:05:28.278249Z","vm_id":"vm-1778940328277092000","operation":"boot","user":"anonymous","outcome":"success"}
{"timestamp":"2026-05-16T14:05:28.279345Z","vm_id":"nonexistent","operation":"boot","user":"anonymous","outcome":"error","message":"vm \"nonexistent\" not found"}
{"timestamp":"2026-05-16T14:05:28.279833Z","vm_id":"vm-1778940328277092000","operation":"pause","user":"anonymous","outcome":"success"}
{"timestamp":"2026-05-16T14:05:28.28068Z","vm_id":"vm-1778940328277092000","operation":"resume","user":"anonymous","outcome":"success"}
{"timestamp":"2026-05-16T14:05:28.281547Z","vm_id":"vm-1778940328277092000","operation":"shutdown","user":"anonymous","outcome":"success"}
{"timestamp":"2026-05-16T14:05:28.283559Z","vm_id":"vm-1778940328277092000","operation":"reboot","user":"anonymous","outcome":"success"}
{"timestamp":"2026-05-16T14:05:28.284811Z","vm_id":"vm-1778940328284422000","operation":"boot","user":"alice","outcome":"success"}
{"timestamp":"2026-05-16T14:05:28.811421Z","vm_id":"vm-1778940328811108000","operation":"boot","user":"anonymous","outcome":"success"}
{"timestamp":"2026-05-16T14:05:28.812129Z","vm_id":"vm-1778940328812124000","operation":"boot","user":"test","outcome":"success"}
{"timestamp":"2026-05-16T14:05:28.812504Z","vm_id":"vm-1778940328812124000","operation":"pause","user":"anonymous","outcome":"success"}
{"timestamp":"2026-05-16T14:05:28.812919Z","vm_id":"vm-1778940328812915000","operation":"boot","user":"test","outcome":"success"}
{"timestamp":"2026-05-16T14:05:28.813028Z","vm_id":"vm-1778940328812915000","operation":"pause","user":"test","outcome":"success"}
{"timestamp":"2026-05-16T14:05:28.813314Z","vm_id":"vm-1778940328812915000","operation":"resume","user":"anonymous","outcome":"success"}
{"timestamp":"2026-05-16T14:05:28.813733Z","vm_id":"vm-1778940328813729000","operation":"boot","user":"test","outcome":"success"}
{"timestamp":"2026-05-16T14:05:28.814451Z","vm_id":"vm-1778940328813729000","operation":"shutdown","user":"anonymous","outcome":"success"}
{"timestamp":"2026-05-16T14:05:28.814958Z","vm_id":"vm-1778940328814954000","operation":"boot","user":"test","outcome":"success"}
{"timestamp":"2026-05-16T14:05:28.815455Z","vm_id":"vm-1778940328814954000","operation":"reboot","user":"anonymous","outcome":"success"}
{"timestamp":"2026-05-16T14:05:28.815944Z","vm_id":"nonexistent","operation":"boot","user":"anonymous","outcome":"error","message":"vm \"nonexistent\" not found"}
{"timestamp":"2026-05-16T14:05:28.816388Z","vm_id":"vm-1778940328816241000","operation":"boot","user":"alice","outcome":"success"}
{"timestamp":"2026-05-16T14:05:28.818346Z","vm_id":"vm-1778940328818157000","operation":"shutdown","user":"anonymous","outcome":"success"}
{"timestamp":"2026-05-16T14:08:48.171119Z","vm_id":"vm-1778940528171041000","operation":"boot","user":"test","outcome":"success"}
{"timestamp":"2026-05-16T14:08:48.172584Z","vm_id":"vm-1778940528171041000","operation":"boot","user":"anonymous","outcome":"success"}
{"timestamp":"2026-05-16T14:08:48.17468Z","vm_id":"nonexistent","operation":"boot","user":"anonymous","outcome":"error","message":"vm \"nonexistent\" not found"}
{"timestamp":"2026-05-16T14:08:48.175714Z","vm_id":"vm-1778940528171041000","operation":"pause","user":"anonymous","outcome":"success"}
{"timestamp":"2026-05-16T14:08:48.177552Z","vm_id":"vm-1778940528171041000","operation":"resume","user":"anonymous","outcome":"success"}
{"timestamp":"2026-05-16T14:08:48.179487Z","vm_id":"vm-1778940528171041000","operation":"shutdown","user":"anonymous","outcome":"success"}
{"timestamp":"2026-05-16T14:08:48.181309Z","vm_id":"vm-1778940528171041000","operation":"reboot","user":"anonymous","outcome":"success"}
{"timestamp":"2026-05-16T14:08:48.183622Z","vm_id":"vm-1778940528183028000","operation":"boot","user":"alice","outcome":"success"}
{"timestamp":"2026-05-16T14:08:48.737754Z","vm_id":"vm-1778940528737266000","operation":"boot","user":"anonymous","outcome":"success"}
{"timestamp":"2026-05-16T14:08:48.739153Z","vm_id":"vm-1778940528739119000","operation":"boot","user":"test","outcome":"success"}
{"timestamp":"2026-05-16T14:08:48.740354Z","vm_id":"vm-1778940528739119000","operation":"pause","user":"anonymous","outcome":"success"}
{"timestamp":"2026-05-16T14:08:48.742083Z","vm_id":"vm-1778940528742019000","operation":"boot","user":"test","outcome":"success"}
{"timestamp":"2026-05-16T14:08:48.742461Z","vm_id":"vm-1778940528742019000","operation":"pause","user":"test","outcome":"success"}
{"timestamp":"2026-05-16T14:08:48.744053Z","vm_id":"vm-1778940528742019000","operation":"resume","user":"anonymous","outcome":"success"}
{"timestamp":"2026-05-16T14:08:48.745277Z","vm_id":"vm-1778940528745245000","operation":"boot","user":"test","outcome":"success"}
{"timestamp":"2026-05-16T14:08:48.746133Z","vm_id":"vm-1778940528745245000","operation":"shutdown","user":"anonymous","outcome":"success"}
{"timestamp":"2026-05-16T14:08:48.747402Z","vm_id":"vm-1778940528747357000","operation":"boot","user":"test","outcome":"success"}
{"timestamp":"2026-05-16T14:08:48.748154Z","vm_id":"vm-1778940528747357000","operation":"reboot","user":"anonymous","outcome":"success"}
{"timestamp":"2026-05-16T14:08:48.749684Z","vm_id":"nonexistent","operation":"boot","user":"anonymous","outcome":"error","message":"vm \"nonexistent\" not found"}
{"timestamp":"2026-05-16T14:08:48.751332Z","vm_id":"vm-1778940528750809000","operation":"boot","user":"alice","outcome":"success"}
{"timestamp":"2026-05-16T14:08:48.767443Z","vm_id":"vm-1778940528766966000","operation":"shutdown","user":"anonymous","outcome":"success"}
{"timestamp":"2026-05-16T14:18:34.638119Z","vm_id":"vm-1778941114638098000","operation":"boot","user":"test","outcome":"success"}
{"timestamp":"2026-05-16T14:18:34.638612Z","vm_id":"vm-1778941114638098000","operation":"boot","user":"anonymous","outcome":"success"}
{"timestamp":"2026-05-16T14:18:34.639304Z","vm_id":"nonexistent","operation":"boot","user":"anonymous","outcome":"error","message":"vm \"nonexistent\" not found"}
{"timestamp":"2026-05-16T14:18:34.639765Z","vm_id":"vm-1778941114638098000","operation":"pause","user":"anonymous","outcome":"success"}
{"timestamp":"2026-05-16T14:18:34.640773Z","vm_id":"vm-1778941114638098000","operation":"resume","user":"anonymous","outcome":"success"}
{"timestamp":"2026-05-16T14:18:34.641451Z","vm_id":"vm-1778941114638098000","operation":"shutdown","user":"anonymous","outcome":"success"}
{"timestamp":"2026-05-16T14:18:34.642092Z","vm_id":"vm-1778941114638098000","operation":"reboot","user":"anonymous","outcome":"success"}
{"timestamp":"2026-05-16T14:18:34.642908Z","vm_id":"vm-1778941114642688000","operation":"boot","user":"alice","outcome":"success"}
{"timestamp":"2026-05-16T14:18:35.167743Z","vm_id":"vm-1778941115167579000","operation":"boot","user":"anonymous","outcome":"success"}
{"timestamp":"2026-05-16T14:18:35.168333Z","vm_id":"vm-1778941115168326000","operation":"boot","user":"test","outcome":"success"}
{"timestamp":"2026-05-16T14:18:35.168842Z","vm_id":"vm-1778941115168326000","operation":"pause","user":"anonymous","outcome":"success"}
{"timestamp":"2026-05-16T14:18:35.169277Z","vm_id":"vm-1778941115169272000","operation":"boot","user":"test","outcome":"success"}
{"timestamp":"2026-05-16T14:18:35.169389Z","vm_id":"vm-1778941115169272000","operation":"pause","user":"test","outcome":"success"}
{"timestamp":"2026-05-16T14:18:35.16972Z","vm_id":"vm-1778941115169272000","operation":"resume","user":"anonymous","outcome":"success"}
{"timestamp":"2026-05-16T14:18:35.170158Z","vm_id":"vm-1778941115170154000","operation":"boot","user":"test","outcome":"success"}
{"timestamp":"2026-05-16T14:18:35.170511Z","vm_id":"vm-1778941115170154000","operation":"shutdown","user":"anonymous","outcome":"success"}
{"timestamp":"2026-05-16T14:18:35.170855Z","vm_id":"vm-1778941115170852000","operation":"boot","user":"test","outcome":"success"}
{"timestamp":"2026-05-16T14:18:35.171104Z","vm_id":"vm-1778941115170852000","operation":"reboot","user":"anonymous","outcome":"success"}
{"timestamp":"2026-05-16T14:18:35.171531Z","vm_id":"nonexistent","operation":"boot","user":"anonymous","outcome":"error","message":"vm \"nonexistent\" not found"}
{"timestamp":"2026-05-16T14:18:35.171971Z","vm_id":"vm-1778941115171823000","operation":"boot","user":"alice","outcome":"success"}
{"timestamp":"2026-05-16T14:18:35.174909Z","vm_id":"vm-1778941115174655000","operation":"shutdown","user":"anonymous","outcome":"success"}
